Removed Pin From Net: NetName=IN_6V Pin=power-2
Removed Pin From Net: NetName=K5 Pin=U-8
Removed Pin From Net: NetName=K4 Pin=U-9
Removed Pin From Net: NetName=K3 Pin=U-10
Removed Pin From Net: NetName=K2 Pin=U-11
Removed Pin From Net: NetName=B1 Pin=U-29
Removed Pin From Net: NetName=B2 Pin=U-30
Removed Pin From Net: NetName=B3 Pin=U-33
Removed Pin From Net: NetName=B4 Pin=U-34
Added Pin To Net: NetName=AGND Pin=P12-6
Added Pin To Net: NetName=AGND Pin=P12-7
Added Pin To Net: NetName=AGND Pin=P12-8
Added Pin To Net: NetName=K3 Pin=U-8
Added Pin To Net: NetName=K2 Pin=U-9
Added Pin To Net: NetName=K5 Pin=U-10
Added Pin To Net: NetName=K4 Pin=U-11
Added Pin To Net: NetName=B3 Pin=U-29
Added Pin To Net: NetName=B4 Pin=U-30
Added Pin To Net: NetName=B1 Pin=U-33
Added Pin To Net: NetName=B2 Pin=U-34
