Removed Pin From Net: NetName=RX_1 Pin=P-1
Removed Pin From Net: NetName=RX_2 Pin=P-2
Removed Pin From Net: NetName=RX_3 Pin=P-3
Removed Pin From Net: NetName=RX_4 Pin=P-4
Removed Pin From Net: NetName=RX_5 Pin=P-5
Removed Pin From Net: NetName=RX_6 Pin=P-6
Removed Pin From Net: NetName=RX_7 Pin=P-7
Removed Pin From Net: NetName=RX_8 Pin=P-8
Removed Pin From Net: NetName=GND Pin=P-9
Removed Pin From Net: NetName=3V3 Pin=P-10
Change Component Comment : Designator=¸´Î»°´¼ü Old Comment=RESET New Comment=Á½½ÅÌùÆ¬
Added Pin To Net: NetName=3V3 Pin=P-1
Added Pin To Net: NetName=GND Pin=P-2
Added Pin To Net: NetName=RX_1 Pin=P-3
Added Pin To Net: NetName=RX_2 Pin=P-4
Added Pin To Net: NetName=RX_3 Pin=P-5
Added Pin To Net: NetName=RX_4 Pin=P-6
Added Pin To Net: NetName=RX_5 Pin=P-7
Added Pin To Net: NetName=RX_6 Pin=P-8
Added Pin To Net: NetName=RX_7 Pin=P-9
Added Pin To Net: NetName=RX_8 Pin=P-10
Added Room: Name=Control
