Removed Pin From Net: NetName=SWCLK Pin=P25-2
Removed Pin From Net: NetName=SWDIO Pin=P25-3
Removed Pin From Net: NetName=RX_5 Pin=P-5
Removed Pin From Net: NetName=RX_6 Pin=P-6
Removed Pin From Net: NetName=RX_7 Pin=P-7
Removed Pin From Net: NetName=RX_8 Pin=P-8
Removed Pin From Net: NetName=GND Pin=P-9
Removed Pin From Net: NetName=3V3 Pin=P-10
Removed Pin From Net: NetName=PWM2 Pin=U-39
Removed Pin From Net: NetName=PWM1 Pin=U-40
Added Component: Designator=KEY(5轴按键)
Added Component: Designator=P12(拨码开关(4位直插))
Added Pin To Net: NetName=GND Pin=KEY-6
Added Pin To Net: NetName=SWDIO Pin=P25-2
Added Pin To Net: NetName=SWCLK Pin=P25-3
Added Pin To Net: NetName=GND Pin=P-5
Added Pin To Net: NetName=RX_5 Pin=P-6
Added Pin To Net: NetName=3V3 Pin=P-7
Added Pin To Net: NetName=RX_6 Pin=P-8
Added Pin To Net: NetName=RX_7 Pin=P-9
Added Pin To Net: NetName=RX_8 Pin=P-10
Added Pin To Net: NetName=PWM1 Pin=U-56
Added Pin To Net: NetName=PWM2 Pin=U-57
Added Pin To Net: NetName=B1 Pin=P12-1
Added Pin To Net: NetName=B1 Pin=U-29
Added Net: Name=B1
Added Pin To Net: NetName=B2 Pin=P12-2
Added Pin To Net: NetName=B2 Pin=U-30
Added Net: Name=B2
Added Pin To Net: NetName=B3 Pin=P12-3
Added Pin To Net: NetName=B3 Pin=U-33
Added Net: Name=B3
Added Pin To Net: NetName=B4 Pin=P12-4
Added Pin To Net: NetName=B4 Pin=U-34
Added Net: Name=B4
Added Pin To Net: NetName=B5 Pin=P12-5
Added Pin To Net: NetName=B5 Pin=U-35
Added Net: Name=B5
Added Pin To Net: NetName=B6 Pin=P12-6
Added Pin To Net: NetName=B6 Pin=U-36
Added Net: Name=B6
Added Pin To Net: NetName=B7 Pin=P12-7
Added Pin To Net: NetName=B7 Pin=U-40
Added Net: Name=B7
Added Pin To Net: NetName=B8 Pin=P12-8
Added Pin To Net: NetName=B8 Pin=U-39
Added Net: Name=B8
Added Pin To Net: NetName=K1 Pin=KEY-1
Added Pin To Net: NetName=K1 Pin=U-24
Added Net: Name=K1
Added Pin To Net: NetName=K2 Pin=KEY-2
Added Pin To Net: NetName=K2 Pin=U-11
Added Net: Name=K2
Added Pin To Net: NetName=K3 Pin=KEY-3
Added Pin To Net: NetName=K3 Pin=U-10
Added Net: Name=K3
Added Pin To Net: NetName=K4 Pin=KEY-5
Added Pin To Net: NetName=K4 Pin=U-9
Added Net: Name=K4
Added Pin To Net: NetName=K5 Pin=KEY-4
Added Pin To Net: NetName=K5 Pin=U-8
Added Net: Name=K5
Added Member To Class: ClassName=Control Member=Component KEY 按键
Added Member To Class: ClassName=Control Member=Component P12 拨码
