Change Component Designator: Old Designator=19 New Designator=1
Change Component Designator: Old Designator=C3 New Designator=C15
Change Component Designator: Old Designator=C4 New Designator=C16
Change Component Designator: Old Designator=C5 New Designator=C17
Change Component Designator: Old Designator=C6 New Designator=C18
Change Component Designator: Old Designator=C7 New Designator=C19
Change Component Designator: Old Designator=C9 New Designator=C1
Change Component Designator: Old Designator=C10 New Designator=C2
Change Component Designator: Old Designator=C11 New Designator=C3
Change Component Designator: Old Designator=C12 New Designator=C4
Change Component Designator: Old Designator=C13 New Designator=C11
Change Component Designator: Old Designator=C14 New Designator=C12
Change Component Designator: Old Designator=C15 New Designator=C13
Change Component Designator: Old Designator=C16 New Designator=C14
Change Component Designator: Old Designator=C17 New Designator=C9
Change Component Designator: Old Designator=C18 New Designator=C10
Change Component Designator: Old Designator=C19 New Designator=C7
Change Component Designator: Old Designator=C20 New Designator=C8
Change Component Designator: Old Designator=C24 New Designator=C5
Change Component Designator: Old Designator=C25 New Designator=C6
Change Component Designator: Old Designator=D2 New Designator=D5
Change Component Designator: Old Designator=D3 New Designator=D1
Change Component Designator: Old Designator=D4 New Designator=D2
Change Component Designator: Old Designator=D5 New Designator=D6
Change Component Designator: Old Designator=D6 New Designator=D7
Change Component Designator: Old Designator=D7 New Designator=D3
Change Component Designator: Old Designator=D8 New Designator=D4
Change Component Designator: Old Designator=JMU? New Designator=JMU1
Change Component Designator: Old Designator=KEY New Designator=KEY1
Change Component Designator: Old Designator=LED1 New Designator=LED2
Change Component Designator: Old Designator=LED2 New Designator=LED3
Change Component Designator: Old Designator=LED4 New Designator=LED1
Change Component Designator: Old Designator=LOGO? New Designator=LOGO1
Change Component Designator: Old Designator=P3 New Designator=P7
Change Component Designator: Old Designator=P4 New Designator=P3
Change Component Designator: Old Designator=P6 New Designator=P5
Change Component Designator: Old Designator=P8 New Designator=P1
Change Component Designator: Old Designator=P8_1 New Designator=P9
Change Component Designator: Old Designator=P10 New Designator=P2
Change Component Designator: Old Designator=P12 New Designator=P8
Change Component Designator: Old Designator=P25 New Designator=P4
Change Component Designator: Old Designator=P New Designator=P6
Change Component Designator: Old Designator=R6 New Designator=R10
Change Component Designator: Old Designator=R7 New Designator=R11
Change Component Designator: Old Designator=R8 New Designator=R1
Change Component Designator: Old Designator=R9 New Designator=R2
Change Component Designator: Old Designator=R10 New Designator=R3
Change Component Designator: Old Designator=R11 New Designator=R4
Change Component Designator: Old Designator=R13 New Designator=R14
Change Component Designator: Old Designator=R14 New Designator=R15
Change Component Designator: Old Designator=R15 New Designator=R13
Change Component Designator: Old Designator=R16 New Designator=R6
Change Component Designator: Old Designator=R17 New Designator=R7
Change Component Designator: Old Designator=R18 New Designator=R8
Change Component Designator: Old Designator=R19 New Designator=R9
Change Component Designator: Old Designator=R20 New Designator=R23
Change Component Designator: Old Designator=R21 New Designator=R24
Change Component Designator: Old Designator=R22 New Designator=R19
Change Component Designator: Old Designator=R23 New Designator=R17
Change Component Designator: Old Designator=R24 New Designator=R18
Change Component Designator: Old Designator=R25 New Designator=R20
Change Component Designator: Old Designator=R26 New Designator=R5
Change Component Designator: Old Designator=R27 New Designator=R16
Change Component Designator: Old Designator=R28 New Designator=R21
Change Component Designator: Old Designator=R30 New Designator=R22
Change Component Designator: Old Designator=T2 New Designator=T1
Change Component Designator: Old Designator=T3 New Designator=T2
Change Component Designator: Old Designator=T4 New Designator=T3
Change Component Designator: Old Designator=T5 New Designator=T4
Change Component Designator: Old Designator=U3 New Designator=U1
Change Component Designator: Old Designator=U6 New Designator=U3
Change Component Designator: Old Designator=U New Designator=U2
Change Component Designator: Old Designator=XTAL New Designator=XTAL1
Change Component Designator: Old Designator=复位按键 New Designator=复位按键1
Change Component Designator: Old Designator=总电源开关 New Designator=总电源开关1
Change Component Designator: Old Designator=电机电源开关 New Designator=电机电源开关1
