Added Component: Designator=1(0805C)
Added Component: Designator=C1(pol cap(10uF))
Added Component: Designator=C2(pol cap(10uF))
Added Component: Designator=C3(0805C)
Added Component: Designator=C4(0805C)
Added Component: Designator=C5(0805C)
Added Component: Designator=C6(0805C)
Added Component: Designator=C7(0805C)
Added Component: Designator=C8(0805C)
Added Component: Designator=C9(0805C)
Added Component: Designator=C10(0805C)
Added Component: Designator=C11(pol cap(10uF))
Added Component: Designator=C12(pol cap(10uF))
Added Component: Designator=C13(0805C)
Added Component: Designator=C14(0805C)
Added Component: Designator=C15(0805C)
Added Component: Designator=C16(RB.8)
Added Component: Designator=C17(0805C)
Added Component: Designator=C18(pol cap(10uF))
Added Component: Designator=C19(0805C)
Added Component: Designator=C20(0805C)
Added Component: Designator=D1(二极管)
Added Component: Designator=D2(二极管)
Added Component: Designator=D3(二极管)
Added Component: Designator=D4(二极管)
Added Component: Designator=D5(二极管)
Added Component: Designator=D6(二极管)
Added Component: Designator=D7(二极管)
Added Component: Designator=JMU1(JMU_logo（1）)
Added Component: Designator=L1(电感（220uh）)
Added Component: Designator=LED1(LED(0805))
Added Component: Designator=LED2(LED(0805))
Added Component: Designator=LED3(LED(0805))
Added Component: Designator=LOGO1(电协LOGO)
Added Component: Designator=P1(接线端子)
Added Component: Designator=P2(Header 4)
Added Component: Designator=P3(Header 7)
Added Component: Designator=P4(Header 4)
Added Component: Designator=P5(Header 4)
Added Component: Designator=P7(MX 1.25-WS-3P)
Added Component: Designator=P9(接线端子)
Added Component: Designator=R1(0603R)
Added Component: Designator=R2(0603R)
Added Component: Designator=R3(0603R)
Added Component: Designator=R4(0603R)
Added Component: Designator=R5(0603R)
Added Component: Designator=R6(0603R)
Added Component: Designator=R7(0603R)
Added Component: Designator=R8(0603R)
Added Component: Designator=R9(0603R)
Added Component: Designator=R10(0805R)
Added Component: Designator=R11(0805R)
Added Component: Designator=R12(0603R)
Added Component: Designator=R13(0603R)
Added Component: Designator=R14(0805R)
Added Component: Designator=R15(0805R)
Added Component: Designator=R16(0805R)
Added Component: Designator=R17(0805R)
Added Component: Designator=R18(0805R)
Added Component: Designator=R19(0805R)
Added Component: Designator=R20(0603R)
Added Component: Designator=R21(0805R)
Added Component: Designator=R22(0603R)
Added Component: Designator=R23(0603R)
Added Component: Designator=R24(0603R)
Added Component: Designator=S1(5轴按键)
Added Component: Designator=T1(0805LED(BLUE))
Added Component: Designator=T2(0805LED(BLUE))
Added Component: Designator=T3(IRLR7843(MOS))
Added Component: Designator=T4(IRLR7843(MOS))
Added Component: Designator=T5(0805LED(BLUE))
Added Component: Designator=T6(0805LED(BLUE))
Added Component: Designator=T7(IRLR7843(MOS))
Added Component: Designator=T8(IRLR7843(MOS))
Added Component: Designator=U1(SOIC-8)
Added Component: Designator=U2(LQFP-64)
Added Component: Designator=U3(SOIC-8)
Added Component: Designator=U4(HIP4082I)
Added Component: Designator=U5(MA34063)
Added Component: Designator=复位按键1(贴片按键)
Added Pin To Net: NetName=3V3 Pin=C7-2
Added Pin To Net: NetName=3V3 Pin=C8-2
Added Pin To Net: NetName=3V3 Pin=C9-2
Added Pin To Net: NetName=3V3 Pin=C10-2
Added Pin To Net: NetName=3V3 Pin=C12-1
Added Pin To Net: NetName=3V3 Pin=C14-2
Added Pin To Net: NetName=3V3 Pin=LED1-1
Added Pin To Net: NetName=3V3 Pin=P3-2
Added Pin To Net: NetName=3V3 Pin=P5-3
Added Pin To Net: NetName=3V3 Pin=R5-2
Added Pin To Net: NetName=3V3 Pin=R19-2
Added Pin To Net: NetName=3V3 Pin=U2-19
Added Pin To Net: NetName=3V3 Pin=U2-32
Added Pin To Net: NetName=3V3 Pin=U2-48
Added Pin To Net: NetName=3V3 Pin=U2-64
Added Pin To Net: NetName=3V3 Pin=U3-5
Added Pin To Net: NetName=3V3 Pin=U3-6
Added Pin To Net: NetName=3V3 Pin=U3-7
Added Net: Name=3V3
Added Pin To Net: NetName=5V Pin=C2-1
Added Pin To Net: NetName=5V Pin=C4-2
Added Pin To Net: NetName=5V Pin=C11-1
Added Pin To Net: NetName=5V Pin=C13-2
Added Pin To Net: NetName=5V Pin=P2-1
Added Pin To Net: NetName=5V Pin=P4-1
Added Pin To Net: NetName=5V Pin=P7-2
Added Pin To Net: NetName=5V Pin=U1-5
Added Pin To Net: NetName=5V Pin=U1-6
Added Pin To Net: NetName=5V Pin=U1-7
Added Pin To Net: NetName=5V Pin=U3-3
Added Pin To Net: NetName=5V Pin=U3-4
Added Net: Name=5V
Added Pin To Net: NetName=12V Pin=C16-1
Added Pin To Net: NetName=12V Pin=D5-2
Added Pin To Net: NetName=12V Pin=D6-1
Added Pin To Net: NetName=12V Pin=D7-1
Added Pin To Net: NetName=12V Pin=R15-2
Added Pin To Net: NetName=12V Pin=U4-2
Added Pin To Net: NetName=12V Pin=U4-7
Added Pin To Net: NetName=12V Pin=U4-12
Added Net: Name=12V
Added Pin To Net: NetName=AGND Pin=C1-2
Added Pin To Net: NetName=AGND Pin=C2-2
Added Pin To Net: NetName=AGND Pin=C3-1
Added Pin To Net: NetName=AGND Pin=C4-1
Added Pin To Net: NetName=AGND Pin=C11-2
Added Pin To Net: NetName=AGND Pin=C12-2
Added Pin To Net: NetName=AGND Pin=C13-1
Added Pin To Net: NetName=AGND Pin=C14-1
Added Pin To Net: NetName=AGND Pin=P7-3
Added Pin To Net: NetName=AGND Pin=R16-2
Added Pin To Net: NetName=AGND Pin=R22-1
Added Pin To Net: NetName=AGND Pin=R23-1
Added Pin To Net: NetName=AGND Pin=S1-6
Added Pin To Net: NetName=AGND Pin=U1-1
Added Pin To Net: NetName=AGND Pin=U1-2
Added Pin To Net: NetName=AGND Pin=U3-1
Added Pin To Net: NetName=AGND Pin=U3-2
Added Net: Name=AGND
Added Pin To Net: NetName=AHB Pin=C19-1
Added Pin To Net: NetName=AHB Pin=D7-2
Added Pin To Net: NetName=AHB Pin=U4-9
Added Net: Name=AHB
Added Pin To Net: NetName=AHO Pin=R2-1
Added Pin To Net: NetName=AHO Pin=T2-2
Added Pin To Net: NetName=AHO Pin=U4-10
Added Net: Name=AHO
Added Pin To Net: NetName=AHS Pin=C19-2
Added Pin To Net: NetName=AHS Pin=D2-1
Added Pin To Net: NetName=AHS Pin=D4-2
Added Pin To Net: NetName=AHS Pin=P1-2
Added Pin To Net: NetName=AHS Pin=R4-1
Added Pin To Net: NetName=AHS Pin=T4-3
Added Pin To Net: NetName=AHS Pin=T8-2
Added Pin To Net: NetName=AHS Pin=U4-11
Added Net: Name=AHS
Added Pin To Net: NetName=ALO Pin=R7-1
Added Pin To Net: NetName=ALO Pin=T6-2
Added Pin To Net: NetName=ALO Pin=U4-13
Added Net: Name=ALO
Added Pin To Net: NetName=B1 Pin=U2-27
Added Net: Name=B1
Added Pin To Net: NetName=B2 Pin=U2-26
Added Net: Name=B2
Added Pin To Net: NetName=B3 Pin=U2-25
Added Net: Name=B3
Added Pin To Net: NetName=B4 Pin=U2-24
Added Net: Name=B4
Added Pin To Net: NetName=BHB Pin=C15-2
Added Pin To Net: NetName=BHB Pin=D6-2
Added Pin To Net: NetName=BHB Pin=U4-1
Added Net: Name=BHB
Added Pin To Net: NetName=BHO Pin=R1-1
Added Pin To Net: NetName=BHO Pin=T1-2
Added Pin To Net: NetName=BHO Pin=U4-16
Added Net: Name=BHO
Added Pin To Net: NetName=BHS Pin=C15-1
Added Pin To Net: NetName=BHS Pin=D1-1
Added Pin To Net: NetName=BHS Pin=D3-2
Added Pin To Net: NetName=BHS Pin=P1-1
Added Pin To Net: NetName=BHS Pin=R3-1
Added Pin To Net: NetName=BHS Pin=T3-3
Added Pin To Net: NetName=BHS Pin=T7-2
Added Pin To Net: NetName=BHS Pin=U4-15
Added Net: Name=BHS
Added Pin To Net: NetName=BLO Pin=R6-1
Added Pin To Net: NetName=BLO Pin=T5-2
Added Pin To Net: NetName=BLO Pin=U4-14
Added Net: Name=BLO
Added Pin To Net: NetName=BOOT0 Pin=R20-1
Added Pin To Net: NetName=BOOT0 Pin=U2-60
Added Net: Name=BOOT0
Added Pin To Net: NetName=BOOT1 Pin=R21-2
Added Pin To Net: NetName=BOOT1 Pin=U2-28
Added Net: Name=BOOT1
Added Pin To Net: NetName=GND Pin=1-2
Added Pin To Net: NetName=GND Pin=C5-2
Added Pin To Net: NetName=GND Pin=C6-2
Added Pin To Net: NetName=GND Pin=C7-1
Added Pin To Net: NetName=GND Pin=C8-1
Added Pin To Net: NetName=GND Pin=C9-1
Added Pin To Net: NetName=GND Pin=C10-1
Added Pin To Net: NetName=GND Pin=C20-2
Added Pin To Net: NetName=GND Pin=P2-4
Added Pin To Net: NetName=GND Pin=P3-1
Added Pin To Net: NetName=GND Pin=P3-7
Added Pin To Net: NetName=GND Pin=P4-4
Added Pin To Net: NetName=GND Pin=P5-2
Added Pin To Net: NetName=GND Pin=P9-1
Added Pin To Net: NetName=GND Pin=R16-1
Added Pin To Net: NetName=GND Pin=R17-1
Added Pin To Net: NetName=GND Pin=R18-1
Added Pin To Net: NetName=GND Pin=R20-2
Added Pin To Net: NetName=GND Pin=R21-1
Added Pin To Net: NetName=GND Pin=R24-1
Added Pin To Net: NetName=GND Pin=U2-12
Added Pin To Net: NetName=GND Pin=U2-18
Added Pin To Net: NetName=GND Pin=U2-31
Added Pin To Net: NetName=GND Pin=U2-47
Added Pin To Net: NetName=GND Pin=U2-63
Added Pin To Net: NetName=GND Pin=复位按键1-2
Added Net: Name=GND
Added Pin To Net: NetName=IN_6V Pin=LED3-1
Added Pin To Net: NetName=IN_6V Pin=P9-2
Added Net: Name=IN_6V
Added Pin To Net: NetName=K1 Pin=S1-1
Added Pin To Net: NetName=K1 Pin=U2-10
Added Net: Name=K1
Added Pin To Net: NetName=K2 Pin=S1-5
Added Pin To Net: NetName=K2 Pin=U2-11
Added Net: Name=K2
Added Pin To Net: NetName=K3 Pin=S1-4
Added Pin To Net: NetName=K3 Pin=U2-14
Added Net: Name=K3
Added Pin To Net: NetName=K4 Pin=S1-2
Added Pin To Net: NetName=K4 Pin=U2-9
Added Net: Name=K4
Added Pin To Net: NetName=K5 Pin=S1-3
Added Pin To Net: NetName=K5 Pin=U2-8
Added Net: Name=K5
Added Pin To Net: NetName=M_6V Pin=C18-1
Added Pin To Net: NetName=M_6V Pin=D1-2
Added Pin To Net: NetName=M_6V Pin=D2-2
Added Pin To Net: NetName=M_6V Pin=LED2-1
Added Pin To Net: NetName=M_6V Pin=R10-1
Added Pin To Net: NetName=M_6V Pin=T3-2
Added Pin To Net: NetName=M_6V Pin=T4-2
Added Pin To Net: NetName=M_6V Pin=U5-6
Added Net: Name=M_6V
Added Pin To Net: NetName=NetC5_1 Pin=C5-1
Added Pin To Net: NetName=NetC5_1 Pin=C6-1
Added Pin To Net: NetName=NetC5_1 Pin=R5-1
Added Pin To Net: NetName=NetC5_1 Pin=U2-13
Added Net: Name=NetC5_1
Added Pin To Net: NetName=NetC17_1 Pin=C17-1
Added Pin To Net: NetName=NetC17_1 Pin=U5-3
Added Net: Name=NetC17_1
Added Pin To Net: NetName=NetD5_1 Pin=D5-1
Added Pin To Net: NetName=NetD5_1 Pin=L1-2
Added Pin To Net: NetName=NetD5_1 Pin=U5-1
Added Net: Name=NetD5_1
Added Pin To Net: NetName=NetL1_1 Pin=L1-1
Added Pin To Net: NetName=NetL1_1 Pin=R10-2
Added Pin To Net: NetName=NetL1_1 Pin=R11-2
Added Pin To Net: NetName=NetL1_1 Pin=U5-7
Added Net: Name=NetL1_1
Added Pin To Net: NetName=NetLED1_2 Pin=LED1-2
Added Pin To Net: NetName=NetLED1_2 Pin=R22-2
Added Net: Name=NetLED1_2
Added Pin To Net: NetName=NetLED2_2 Pin=LED2-2
Added Pin To Net: NetName=NetLED2_2 Pin=R23-2
Added Net: Name=NetLED2_2
Added Pin To Net: NetName=NetLED3_2 Pin=LED3-2
Added Pin To Net: NetName=NetLED3_2 Pin=R24-2
Added Net: Name=NetLED3_2
Added Pin To Net: NetName=NetR1_2 Pin=R1-2
Added Pin To Net: NetName=NetR1_2 Pin=R3-2
Added Pin To Net: NetName=NetR1_2 Pin=T1-1
Added Pin To Net: NetName=NetR1_2 Pin=T3-1
Added Net: Name=NetR1_2
Added Pin To Net: NetName=NetR2_2 Pin=R2-2
Added Pin To Net: NetName=NetR2_2 Pin=R4-2
Added Pin To Net: NetName=NetR2_2 Pin=T2-1
Added Pin To Net: NetName=NetR2_2 Pin=T4-1
Added Net: Name=NetR2_2
Added Pin To Net: NetName=NetR6_2 Pin=R6-2
Added Pin To Net: NetName=NetR6_2 Pin=R8-2
Added Pin To Net: NetName=NetR6_2 Pin=T5-1
Added Pin To Net: NetName=NetR6_2 Pin=T7-1
Added Net: Name=NetR6_2
Added Pin To Net: NetName=NetR7_2 Pin=R7-2
Added Pin To Net: NetName=NetR7_2 Pin=R9-2
Added Pin To Net: NetName=NetR7_2 Pin=T6-1
Added Pin To Net: NetName=NetR7_2 Pin=T8-1
Added Net: Name=NetR7_2
Added Pin To Net: NetName=NetR11_1 Pin=R11-1
Added Pin To Net: NetName=NetR11_1 Pin=U5-8
Added Net: Name=NetR11_1
Added Pin To Net: NetName=NetR12_2 Pin=R12-2
Added Pin To Net: NetName=NetR12_2 Pin=U4-5
Added Net: Name=NetR12_2
Added Pin To Net: NetName=NetR13_2 Pin=R13-2
Added Pin To Net: NetName=NetR13_2 Pin=U4-8
Added Net: Name=NetR13_2
Added Pin To Net: NetName=NetR14_2 Pin=R14-2
Added Pin To Net: NetName=NetR14_2 Pin=R15-1
Added Pin To Net: NetName=NetR14_2 Pin=U5-5
Added Net: Name=NetR14_2
Added Pin To Net: NetName=NetU2_5 Pin=U2-5
Added Net: Name=NetU2_5
Added Pin To Net: NetName=NetU2_6 Pin=U2-6
Added Net: Name=NetU2_6
Added Pin To Net: NetName=OLED_D0 Pin=P3-3
Added Pin To Net: NetName=OLED_D0 Pin=U2-62
Added Net: Name=OLED_D0
Added Pin To Net: NetName=OLED_D1 Pin=P3-4
Added Pin To Net: NetName=OLED_D1 Pin=U2-61
Added Net: Name=OLED_D1
Added Pin To Net: NetName=OLED_DC Pin=P3-6
Added Pin To Net: NetName=OLED_DC Pin=U2-58
Added Net: Name=OLED_DC
Added Pin To Net: NetName=OLED_RES Pin=P3-5
Added Pin To Net: NetName=OLED_RES Pin=U2-59
Added Net: Name=OLED_RES
Added Pin To Net: NetName=P_GND Pin=D3-1
Added Pin To Net: NetName=P_GND Pin=D4-1
Added Pin To Net: NetName=P_GND Pin=R8-1
Added Pin To Net: NetName=P_GND Pin=R9-1
Added Pin To Net: NetName=P_GND Pin=R17-2
Added Pin To Net: NetName=P_GND Pin=T7-3
Added Pin To Net: NetName=P_GND Pin=T8-3
Added Net: Name=P_GND
Added Pin To Net: NetName=PWM1 Pin=U2-56
Added Pin To Net: NetName=PWM1 Pin=U4-3
Added Net: Name=PWM1
Added Pin To Net: NetName=PWM2 Pin=U2-57
Added Pin To Net: NetName=PWM2 Pin=U4-4
Added Net: Name=PWM2
Added Pin To Net: NetName=RESET Pin=1-1
Added Pin To Net: NetName=RESET Pin=R19-1
Added Pin To Net: NetName=RESET Pin=U2-7
Added Pin To Net: NetName=RESET Pin=复位按键1-1
Added Net: Name=RESET
Added Pin To Net: NetName=RX_1 Pin=U2-34
Added Net: Name=RX_1
Added Pin To Net: NetName=RX_2 Pin=U2-35
Added Net: Name=RX_2
Added Pin To Net: NetName=RX_3 Pin=U2-36
Added Net: Name=RX_3
Added Pin To Net: NetName=RX_4 Pin=U2-37
Added Net: Name=RX_4
Added Pin To Net: NetName=RX_5 Pin=U2-38
Added Net: Name=RX_5
Added Pin To Net: NetName=RX_6 Pin=U2-39
Added Net: Name=RX_6
Added Pin To Net: NetName=RX_7 Pin=U2-40
Added Net: Name=RX_7
Added Pin To Net: NetName=RX_8 Pin=U2-41
Added Net: Name=RX_8
Added Pin To Net: NetName=S_GND Pin=C16-2
Added Pin To Net: NetName=S_GND Pin=C17-2
Added Pin To Net: NetName=S_GND Pin=C18-2
Added Pin To Net: NetName=S_GND Pin=R12-1
Added Pin To Net: NetName=S_GND Pin=R13-1
Added Pin To Net: NetName=S_GND Pin=R14-1
Added Pin To Net: NetName=S_GND Pin=R18-2
Added Pin To Net: NetName=S_GND Pin=U4-6
Added Pin To Net: NetName=S_GND Pin=U5-2
Added Pin To Net: NetName=S_GND Pin=U5-4
Added Net: Name=S_GND
Added Pin To Net: NetName=SEVOR Pin=P7-1
Added Pin To Net: NetName=SEVOR Pin=U2-15
Added Net: Name=SEVOR
Added Pin To Net: NetName=SWCLK Pin=P5-4
Added Pin To Net: NetName=SWCLK Pin=U2-49
Added Net: Name=SWCLK
Added Pin To Net: NetName=SWDIO Pin=P5-1
Added Pin To Net: NetName=SWDIO Pin=U2-46
Added Net: Name=SWDIO
Added Pin To Net: NetName=USART1_RX Pin=P4-2
Added Pin To Net: NetName=USART1_RX Pin=U2-43
Added Net: Name=USART1_RX
Added Pin To Net: NetName=USART1_TX Pin=P4-3
Added Pin To Net: NetName=USART1_TX Pin=U2-42
Added Net: Name=USART1_TX
Added Pin To Net: NetName=USART2_RX Pin=P2-2
Added Pin To Net: NetName=USART2_RX Pin=U2-17
Added Net: Name=USART2_RX
Added Pin To Net: NetName=USART2_TX Pin=P2-3
Added Pin To Net: NetName=USART2_TX Pin=U2-16
Added Net: Name=USART2_TX
Added Pin To Net: NetName=VCC Pin=C1-1
Added Pin To Net: NetName=VCC Pin=C3-2
Added Pin To Net: NetName=VCC Pin=C20-1
Added Pin To Net: NetName=VCC Pin=U1-3
Added Pin To Net: NetName=VCC Pin=U1-4
Added Net: Name=VCC
Added Class: Name=Control
Added Room: Name=Control
