Removed Pin From Net: NetName=M_6V Pin=D1-2
Removed Pin From Net: NetName=M_6V Pin=D2-2
Removed Pin From Net: NetName=K1 Pin=KEY1-1
Removed Pin From Net: NetName=K2 Pin=KEY1-2
Removed Pin From Net: NetName=K3 Pin=KEY1-3
Removed Pin From Net: NetName=K5 Pin=KEY1-4
Removed Pin From Net: NetName=K4 Pin=KEY1-5
Removed Pin From Net: NetName=GND Pin=KEY1-6
Removed Pin From Net: NetName=NetLED3_2 Pin=LED3-2
Removed Pin From Net: NetName=GND Pin=P3-2
Removed Pin From Net: NetName=USART1_RX Pin=P3-4
Removed Pin From Net: NetName=3V3 Pin=R16-2
Removed Pin From Net: NetName=GND Pin=R22-1
Removed Pin From Net: NetName=GND Pin=R23-1
Removed Pin From Net: NetName=GND Pin=R24-1
Removed Pin From Net: NetName=NetLED3_2 Pin=R24-2
Removed Pin From Net: NetName=M_6V Pin=T1-2
Removed Pin From Net: NetName=M_6V Pin=T2-2
Removed Pin From Net: NetName=VCC Pin=电机电源开关1-2
Removed Pin From Net: NetName=M_6V Pin=电机电源开关1-3
Removed Member From Class: ClassName=Control Member=KEY1
Removed Member From Class: ClassName=Control Member=R22
Removed Member From Class: ClassName=Control Member=R23
Removed Member From Class: ClassName=Control Member=R24
Removed Member From Class: ClassName=Control Member=电机电源开关1
Change Component Footprint: Designator=P2 Old Footprint=Header 6 New Footprint=Header 7
Change Component Designator: OldDesignator=LED1 NewDesignator=LED3
Change Component Designator: OldDesignator=LED2 NewDesignator=LED1
Change Component Designator: OldDesignator=LED3 NewDesignator=LED2
Change Component Designator: OldDesignator=R17 NewDesignator=R19
Change Component Designator: OldDesignator=R18 NewDesignator=R20
Change Component Designator: OldDesignator=R19 NewDesignator=R16
Change Component Designator: OldDesignator=R20 NewDesignator=R17
Change Component Designator: OldDesignator=R21 NewDesignator=R18
Added Component: Designator=P10(Header 2)
Added Component: Designator=R21(排阻(4位贴片))
Added Pin To Net: NetName=3V3 Pin=1-1
Added Pin To Net: NetName=12V Pin=D1-2
Added Pin To Net: NetName=12V Pin=D2-2
Added Pin To Net: NetName=NetLED3_2 Pin=LED3-2
Added Pin To Net: NetName=GND Pin=P2-7
Added Pin To Net: NetName=USART1_RX Pin=P3-2
Added Pin To Net: NetName=GND Pin=P3-4
Added Pin To Net: NetName=GND Pin=R21-1
Added Pin To Net: NetName=NetLED3_2 Pin=R21-2
Added Pin To Net: NetName=GND Pin=R21-3
Added Pin To Net: NetName=GND Pin=R21-5
Added Pin To Net: NetName=GND Pin=R21-7
Added Pin To Net: NetName=3V3 Pin=R21-8
Added Pin To Net: NetName=12V Pin=T1-2
Added Pin To Net: NetName=12V Pin=T2-2
Added Pin To Net: NetName=3V3 Pin=U2-7
Added Pin To Net: NetName=3V3 Pin=复位按键1-1
Added Member To Class: ClassName=Control Member=Component C5 106
Added Member To Class: ClassName=Control Member=Component C6 104
Added Member To Class: ClassName=Control Member=Component D4 *
Added Member To Class: ClassName=Control Member=Component LED3
Added Member To Class: ClassName=Control Member=Component P4 下载口
Added Member To Class: ClassName=Control Member=Component P10 Header 2
Added Member To Class: ClassName=Control Member=Component R19 10K
Added Member To Class: ClassName=Control Member=Component R20 10K
Added Member To Class: ClassName=Control Member=Component R21 1K
