Removed Pin From Net: NetName=12V Pin=LED1-1
Removed Pin From Net: NetName=NetLED1_2 Pin=LED1-2
Removed Pin From Net: NetName=NetLED2_2 Pin=LED2-2
Removed Pin From Net: NetName=NetLED3_2 Pin=LED3-2
Removed Pin From Net: NetName=GND Pin=R21-1
Removed Pin From Net: NetName=NetLED3_2 Pin=R21-2
Removed Pin From Net: NetName=GND Pin=R21-3
Removed Pin From Net: NetName=NetLED1_2 Pin=R21-4
Removed Pin From Net: NetName=GND Pin=R21-5
Removed Pin From Net: NetName=NetLED2_2 Pin=R21-6
Removed Pin From Net: NetName=RESET Pin=R21-7
Removed Pin From Net: NetName=3V3 Pin=R21-8
Change Component Designator: OldDesignator=LED1 NewDesignator=LED2
Change Component Designator: OldDesignator=LED2 NewDesignator=LED3
Change Component Designator: OldDesignator=LED3 NewDesignator=LED1
Change Component Designator: OldDesignator=R19 NewDesignator=R20
Change Component Designator: OldDesignator=R20 NewDesignator=R21
Added Component: Designator=R19(0805R)
Added Component: Designator=R22(0805R)
Added Component: Designator=R23(0805R)
Added Component: Designator=R24(0805R)
Added Pin To Net: NetName=NetLED1_2 Pin=LED1-2
Added Pin To Net: NetName=M_6V Pin=LED2-1
Added Pin To Net: NetName=NetLED2_2 Pin=LED2-2
Added Pin To Net: NetName=NetLED3_2 Pin=LED3-2
Added Pin To Net: NetName=RESET Pin=R19-1
Added Pin To Net: NetName=3V3 Pin=R19-2
Added Pin To Net: NetName=AGND Pin=R22-1
Added Pin To Net: NetName=NetLED1_2 Pin=R22-2
Added Pin To Net: NetName=S_GND Pin=R23-1
Added Pin To Net: NetName=NetLED2_2 Pin=R23-2
Added Pin To Net: NetName=P_GND Pin=R24-1
Added Pin To Net: NetName=NetLED3_2 Pin=R24-2
Added Member To Class: ClassName=Control Member=Component R22 1K
Added Member To Class: ClassName=Control Member=Component R23 1K
Added Member To Class: ClassName=Control Member=Component R24 1K
